i:\falmouth\falmouth\comp130\lecture 04\03.asteroids\debug\vc141.pdb
i:\falmouth\falmouth\comp130\lecture 04\03.asteroids\debug\vc141.idb
i:\falmouth\falmouth\comp130\lecture 04\03.asteroids\debug\03.asteroids.obj
i:\falmouth\falmouth\comp130\lecture 04\03.asteroids\debug\bitmap.obj
i:\falmouth\falmouth\comp130\lecture 04\03.asteroids\debug\debugprinter.obj
i:\falmouth\falmouth\comp130\lecture 04\03.asteroids\debug\input.obj
i:\falmouth\falmouth\comp130\lecture 04\03.asteroids\debug\matrix.obj
i:\falmouth\falmouth\comp130\lecture 04\03.asteroids\debug\renderer.obj
i:\falmouth\falmouth\comp130\lecture 04\03.asteroids\debug\statemachine.obj
i:\falmouth\falmouth\comp130\lecture 04\03.asteroids\debug\timer.obj
i:\falmouth\falmouth\comp130\lecture 04\03.asteroids\debug\vector2.obj
i:\falmouth\falmouth\comp130\lecture 04\03.asteroids\debug\vector3.obj
i:\falmouth\falmouth\comp130\lecture 04\03.asteroids\debug\astgame.obj
i:\falmouth\falmouth\comp130\lecture 04\03.asteroids\debug\baseobject.obj
i:\falmouth\falmouth\comp130\lecture 04\03.asteroids\debug\bullet.obj
i:\falmouth\falmouth\comp130\lecture 04\03.asteroids\debug\explosionmanager.obj
i:\falmouth\falmouth\comp130\lecture 04\03.asteroids\debug\gamestates.obj
i:\falmouth\falmouth\comp130\lecture 04\03.asteroids\debug\rock.obj
i:\falmouth\falmouth\comp130\lecture 04\03.asteroids\debug\ship.obj
i:\falmouth\falmouth\comp130\lecture 04\debug\03.asteroids.exe
i:\falmouth\falmouth\comp130\lecture 04\debug\03.asteroids.ilk
i:\falmouth\falmouth\comp130\lecture 04\debug\03.asteroids.pdb
i:\falmouth\falmouth\comp130\lecture 04\03.asteroids\debug\03.asteroids.tlog\cl.command.1.tlog
i:\falmouth\falmouth\comp130\lecture 04\03.asteroids\debug\03.asteroids.tlog\cl.read.1.tlog
i:\falmouth\falmouth\comp130\lecture 04\03.asteroids\debug\03.asteroids.tlog\cl.write.1.tlog
i:\falmouth\falmouth\comp130\lecture 04\03.asteroids\debug\03.asteroids.tlog\link.command.1.tlog
i:\falmouth\falmouth\comp130\lecture 04\03.asteroids\debug\03.asteroids.tlog\link.read.1.tlog
i:\falmouth\falmouth\comp130\lecture 04\03.asteroids\debug\03.asteroids.tlog\link.write.1.tlog
